<?xml version="1.0" encoding="UTF-8"?>
<TestRun id="9ee5abcb-8dc6-4f73-8d89-f1b211df3d09" name="TOM@TOMSDESKTOP 2010-03-29 19:59:24" runUser="TOMSDESKTOP\TOM" xmlns="http://microsoft.com/schemas/VisualStudio/TeamTest/2006">
  <TestRunConfiguration name="Local Test Run" id="54f97f82-0ffe-406b-8f95-66cfa2bc05ce">
    <Description>This is a default test run configuration for a local test run.</Description>
    <Deployment runDeploymentRoot="C:\Users\TOM\Documents\Visual Studio 2008\Projects\PDFtoEPUB\TestResults\TOM_TOMSDESKTOP 2010-03-29 19_59_24">
      <DeploymentItem filename="C:\Users\TOM\Documents\Visual Studio 2008\Projects\PDFtoEPUB\Crabwise.EPUBConversion\bin\Debug\Crabwise.EPUBConversion.dll" />
    </Deployment>
    <TestTypeSpecific />
  </TestRunConfiguration>
  <ResultSummary outcome="Error">
    <Counters total="1" error="0" failed="0" timeout="0" aborted="0" inconclusive="0" passedButRunAborted="0" notRunnable="0" notExecuted="1" disconnected="0" warning="0" passed="0" completed="0" inProgress="0" pending="0" />
    <RunInfos>
      <RunInfo computerName="TOMSDESKTOP" outcome="Error" timestamp="2010-03-29T19:59:26.1395556-04:00">
        <Text>Failed to queue test run 'TOM@TOMSDESKTOP 2010-03-29 19:59:24': Test Run deployment issue: The location of the file or directory 'c:\users\tom\documents\visual studio 2008\projects\pdftoepub\epubconversiontester\bin\debug\Crabwise.CommandWrap.Library.dll' is not trusted.</Text>
        <Exception>Microsoft.VisualStudio.TestTools.TestManagement.ExecutionException: Test Run deployment issue: The location of the file or directory 'c:\users\tom\documents\visual studio 2008\projects\pdftoepub\epubconversiontester\bin\debug\Crabwise.CommandWrap.Library.dll' is not trusted.
   at Microsoft.VisualStudio.TestTools.TestManagement.DeploymentManager.DoDeployment(TestRun run, FileCopyService fileCopyService)
   at Microsoft.VisualStudio.TestTools.TestManagement.ControllerProxy.SetupTestRun(TestRun run, Boolean isNewTestRun, FileCopyService&amp; fileCopyService)
   at Microsoft.VisualStudio.TestTools.TestManagement.ControllerProxy.QueueTestRunWorker(Object state)</Exception>
      </RunInfo>
    </RunInfos>
  </ResultSummary>
  <Times creation="2010-03-29T19:59:24.9074852-04:00" queuing="2010-03-29T19:59:24.9074852-04:00" start="2010-03-29T19:59:24.9074852-04:00" finish="2010-03-29T19:59:26.1635570-04:00" />
  <TestDefinitions>
    <UnitTest name="TestMethod1" storage="c:\users\tom\documents\visual studio 2008\projects\pdftoepub\epubconversiontester\bin\debug\epubconversiontester.dll" id="cdf5392a-e6f8-5d18-d840-61fd2fac53d1">
      <Css projectStructure="" iteration="" />
      <Owners>
        <Owner name="" />
      </Owners>
      <TestMethod codeBase="C:\Users\TOM\Documents\Visual Studio 2008\Projects\PDFtoEPUB\EPUBConversionTester\bin\Debug\EPUBConversionTester.dll" adapterTypeName="Microsoft.VisualStudio.TestTools.TestTypes.Unit.UnitTestAdapter, Microsoft.VisualStudio.QualityTools.Tips.UnitTest.Adapter, Version=9.0.0.0, Culture=neutral, PublicKeyToken=b03f5f7f11d50a3a" className="EPUBConversionTester.UnitTest1, EPUBConversionTester" name="TestMethod1" />
    </UnitTest>
  </TestDefinitions>
  <TestLists>
    <TestList name="Results Not in a List" id="8c84fa94-04c1-424b-9868-57a2d4851a1d" />
    <TestList name="All Loaded Results" id="19431567-8539-422a-85d7-44ee4e166bda" />
  </TestLists>
  <TestEntries>
    <TestEntry testId="cdf5392a-e6f8-5d18-d840-61fd2fac53d1" executionId="1e599ac1-efe2-4906-b43c-a695e4ecda8f" testListId="8c84fa94-04c1-424b-9868-57a2d4851a1d" />
  </TestEntries>
  <Results>
    <UnitTestResult executionId="1e599ac1-efe2-4906-b43c-a695e4ecda8f" testId="cdf5392a-e6f8-5d18-d840-61fd2fac53d1" testName="TestMethod1" computerName="TOMSDESKTOP" duration="00:00:00" startTime="0001-01-01T00:00:00.0000000-05:00" endTime="0001-01-01T00:00:00.0000000-05:00" testType="13cdc9d9-ddb5-4fa4-a97d-d965ccfc6d4b" outcome="NotExecuted" testListId="8c84fa94-04c1-424b-9868-57a2d4851a1d">
    </UnitTestResult>
  </Results>
</TestRun>