<?xml version="1.0" encoding="UTF-8"?>
<TestRun id="d4105079-7b02-4634-9d0f-ea384885ae1c" name="TOM@TOMSDESKTOP 2010-03-29 20:04:54" runUser="TOMSDESKTOP\TOM" xmlns="http://microsoft.com/schemas/VisualStudio/TeamTest/2006">
  <TestRunConfiguration name="Local Test Run" id="54f97f82-0ffe-406b-8f95-66cfa2bc05ce">
    <Description>This is a default test run configuration for a local test run.</Description>
    <Deployment runDeploymentRoot="C:\Users\TOM\Documents\Visual Studio 2008\Projects\PDFtoEPUB\TestResults\TOM_TOMSDESKTOP 2010-03-29 20_04_54">
      <DeploymentItem filename="C:\Users\TOM\Documents\Visual Studio 2008\Projects\PDFtoEPUB\Crabwise.EPUBConversion\bin\Debug\Crabwise.EPUBConversion.dll" />
    </Deployment>
    <TestTypeSpecific />
  </TestRunConfiguration>
  <ResultSummary outcome="Failed">
    <Counters total="1" executed="1" error="0" failed="1" timeout="0" aborted="0" inconclusive="0" passedButRunAborted="0" notRunnable="0" notExecuted="0" disconnected="0" warning="0" passed="0" completed="0" inProgress="0" pending="0" />
  </ResultSummary>
  <Times creation="2010-03-29T20:04:54.9653634-04:00" queuing="2010-03-29T20:04:55.2783813-04:00" start="2010-03-29T20:04:55.2913820-04:00" finish="2010-03-29T20:04:55.4123890-04:00" />
  <TestDefinitions>
    <UnitTest name="TestMethod1" storage="c:\users\tom\documents\visual studio 2008\projects\pdftoepub\epubconversiontester\bin\debug\epubconversiontester.dll" id="cdf5392a-e6f8-5d18-d840-61fd2fac53d1">
      <Css projectStructure="" iteration="" />
      <Owners>
        <Owner name="" />
      </Owners>
      <Execution id="70e92ce5-d261-437c-9f52-ab5644d7b102" />
      <TestMethod codeBase="C:\Users\TOM\Documents\Visual Studio 2008\Projects\PDFtoEPUB\EPUBConversionTester\bin\Debug\EPUBConversionTester.dll" adapterTypeName="Microsoft.VisualStudio.TestTools.TestTypes.Unit.UnitTestAdapter, Microsoft.VisualStudio.QualityTools.Tips.UnitTest.Adapter, Version=9.0.0.0, Culture=neutral, PublicKeyToken=b03f5f7f11d50a3a" className="EPUBConversionTester.UnitTest1, EPUBConversionTester" name="TestMethod1" />
    </UnitTest>
  </TestDefinitions>
  <TestLists>
    <TestList name="Results Not in a List" id="8c84fa94-04c1-424b-9868-57a2d4851a1d" />
    <TestList name="All Loaded Results" id="19431567-8539-422a-85d7-44ee4e166bda" />
  </TestLists>
  <TestEntries>
    <TestEntry testId="cdf5392a-e6f8-5d18-d840-61fd2fac53d1" executionId="70e92ce5-d261-437c-9f52-ab5644d7b102" testListId="8c84fa94-04c1-424b-9868-57a2d4851a1d" />
  </TestEntries>
  <Results>
    <UnitTestResult executionId="70e92ce5-d261-437c-9f52-ab5644d7b102" testId="cdf5392a-e6f8-5d18-d840-61fd2fac53d1" testName="TestMethod1" computerName="TOMSDESKTOP" duration="00:00:00.0256872" startTime="2010-03-29T20:04:55.2923821-04:00" endTime="2010-03-29T20:04:55.4063886-04:00" testType="13cdc9d9-ddb5-4fa4-a97d-d965ccfc6d4b" outcome="Failed" testListId="8c84fa94-04c1-424b-9868-57a2d4851a1d">
      <Output>
        <ErrorInfo>
          <Message>Test method EPUBConversionTester.UnitTest1.TestMethod1 threw exception:  System.ComponentModel.Win32Exception: The system cannot find the file specified.</Message>
          <StackTrace>    at System.Diagnostics.Process.StartWithCreateProcess(ProcessStartInfo startInfo)
   at System.Diagnostics.Process.Start()
   at Crabwise.CommandWrap.Library.Command.Execute(CommandStartInfo startInfo)
   at Crabwise.CommandWrap.Library.Command.Execute()
   at Crabwise.EPUBConversion.HtmlConversion.GenerateHTMLFromFile(String pdfFilePath) in C:\Users\TOM\Documents\Visual Studio 2008\Projects\PDFtoEPUB\Crabwise.EPUBConversion\HtmlConversion.cs:line 15
   at EPUBConversionTester.UnitTest1.TestMethod1() in C:\Users\TOM\Documents\Visual Studio 2008\Projects\PDFtoEPUB\EPUBConversionTester\UnitTest1.cs:line 66
</StackTrace>
        </ErrorInfo>
      </Output>
    </UnitTestResult>
  </Results>
</TestRun>